<?xml version="1.0" encoding="UTF-8"?>
<!-- Generated by org.testng.reporters.JUnitReportReporter -->
<testsuite hostname="AZ-C5CQH34" failures="0" tests="1" name="assign.qa.bookcart.tests.LoginPageTest" time="0.855" errors="0" timestamp="2025-07-24T12:25:19 IST" skipped="0">
  <testcase classname="assign.qa.bookcart.tests.LoginPageTest" name="loginTest" time="0.855"/>
  <system-out/>
</testsuite> <!-- assign.qa.bookcart.tests.LoginPageTest -->
